<html>
<head>
<title>TestNG:  Default test</title>
<link href="../testng.css" rel="stylesheet" type="text/css" />
<link href="../my-testng.css" rel="stylesheet" type="text/css" />

<style type="text/css">
.log { display: none;} 
.stack-trace { display: none;} 
</style>
<script type="text/javascript">
<!--
function flip(e) {
  current = e.style.display;
  if (current == 'block') {
    e.style.display = 'none';
    return 0;
  }
  else {
    e.style.display = 'block';
    return 1;
  }
}

function toggleBox(szDivId, elem, msg1, msg2)
{
  var res = -1;  if (document.getElementById) {
    res = flip(document.getElementById(szDivId));
  }
  else if (document.all) {
    // this is the way old msie versions work
    res = flip(document.all[szDivId]);
  }
  if(elem) {
    if(res == 0) elem.innerHTML = msg1; else elem.innerHTML = msg2;
  }

}

function toggleAllBoxes() {
  if (document.getElementsByTagName) {
    d = document.getElementsByTagName('div');
    for (i = 0; i < d.length; i++) {
      if (d[i].className == 'log') {
        flip(d[i]);
      }
    }
  }
}

// -->
</script>

</head>
<body>
<h2 align='center'>Default test</h2><table border='1' align="center">
<tr>
<td>Tests passed/Failed/Skipped:</td><td>0/1/0</td>
</tr><tr>
<td>Started on:</td><td>Tue Aug 05 15:09:54 IST 2025</td>
</tr>
<tr><td>Total time:</td><td>15 seconds (15158 ms)</td>
</tr><tr>
<td>Included groups:</td><td></td>
</tr><tr>
<td>Excluded groups:</td><td></td>
</tr>
</table><p/>
<small><i>(Hover the method name to see the test class name)</i></small><p/>
<table width='100%' border='1' class='invocation-failed'>
<tr><td colspan='4' align='center'><b>FAILED TESTS</b></td></tr>
<tr><td><b>Test method</b></td>
<td><b>Attribute(s)</b></td>
<td width="30%"><b>Exception</b></td>
<td width="10%"><b>Time (seconds)</b></td>
<td><b>Instance</b></td>
</tr>
<tr>
<td title='TestNgTestRunners.FailedTestNGRunners.runScenario()'><b>runScenario</b><br>Test class: TestNgTestRunners.FailedTestNGRunners<br>Test method: Runs Cucumber Scenarios<br>Parameters: "Search experience for product search in both home and offers page", "Search and place order for product"</td>
<td><div><pre>java.lang.AssertionError: expected [No data] but found [Beetroot]
	at org.testng.Assert.fail(Assert.java:111)
	at org.testng.Assert.failNotEquals(Assert.java:1590)
	at org.testng.Assert.assertEqualsImpl(Assert.java:150)
	at org.testng.Assert.assertEquals(Assert.java:132)
	at org.testng.Assert.assertEquals(Assert.java:656)
	at org.testng.Assert.assertEquals(Assert.java:666)
	at Stepdefinitions.OfferPageStepDefinition.validate_same_product_name_in_product_page_and_offer_page(OfferPageStepDefinition.java:36)
	at ✽.validate same product name in product page and offer page(file:///C:/Users/hshete/OneDrive%20-%20Capgemini/Study%20resources/Demo%20frameworks/RahulShettyAcademy/src/test/java/features/searchProducat.feature:9)
</pre></div><a href='#' onClick='toggleBox("stack-trace2074255404", this, "Click to show all stack frames", "Click to hide stack frames")'>Click to show all stack frames</a>
<div class='stack-trace' id='stack-trace2074255404'><pre>java.lang.AssertionError: expected [No data] but found [Beetroot]
	at org.testng.Assert.fail(Assert.java:111)
	at org.testng.Assert.failNotEquals(Assert.java:1590)
	at org.testng.Assert.assertEqualsImpl(Assert.java:150)
	at org.testng.Assert.assertEquals(Assert.java:132)
	at org.testng.Assert.assertEquals(Assert.java:656)
	at org.testng.Assert.assertEquals(Assert.java:666)
	at Stepdefinitions.OfferPageStepDefinition.validate_same_product_name_in_product_page_and_offer_page(OfferPageStepDefinition.java:36)
	at ✽.validate same product name in product page and offer page(file:///C:/Users/hshete/OneDrive%20-%20Capgemini/Study%20resources/Demo%20frameworks/RahulShettyAcademy/src/test/java/features/searchProducat.feature:9)
</pre></div></td>
<td>13</td>
<td>TestNgTestRunners.FailedTestNGRunners@4c39bec8</td></tr>
</table><p>
</body>
</html>